[UID:1325][196793] Child process with pid: 196799 was killed by signal: 15, core dump: 0
Traceback (most recent call last):
  File "/home/granatam/vcard/passenger_wsgi.py", line 8, in <module>
    wsgi = imp.load_source('wsgi', 'app.py')
  File "/opt/alt/python37/lib64/python3.7/imp.py", line 171, in load_source
    module = _load(spec)
  File "<frozen importlib._bootstrap>", line 696, in _load
  File "<frozen importlib._bootstrap>", line 677, in _load_unlocked
  File "<frozen importlib._bootstrap_external>", line 728, in exec_module
  File "<frozen importlib._bootstrap>", line 219, in _call_with_frames_removed
  File "app.py", line 1, in <module>
    from flask import Flask, render_template
ModuleNotFoundError: No module named 'flask'
[UID:1325][199790] Child process with pid: 199797 was killed by signal: 15, core dump: 0
[UID:1325][199790] Child process with pid: 200057 was killed by signal: 15, core dump: 0
Traceback (most recent call last):
  File "/home/granatam/vcard/passenger_wsgi.py", line 7, in <module>
    from app import app as application
  File "/home/granatam/vcard/app.py", line 1, in <module>
    from flask import Flask, render_template
ModuleNotFoundError: No module named 'flask'
{'name': 'Granat Digital Agency', 'logo': '../static/assets/icons/logo.png', 'address': '7/16 Nalbandyan St, Yerevan, 0010, Armenia', 'location_link': 'https://maps.google.com/?q=7/16+Nalbandyan+St,+Yerevan', 'phone': '+374 41 221224', 'email': 'info@granat.am', 'website': 'www.granat.am', 'social_media': {'whatsapp': 'https://wa.me/+37412212124', 'instagram': 'https://instagram.com/granat_digital_agency_?igsh=MXVoMnc0cDVvMnQyaw==', 'facebook': 'https://instagram.com/granat_digital_agency_?igsh=MXVoMnc0cDVvMnQyaw==', 'linkedin': 'https://www.linkedin.com/company/granat-da'}, 'employees': ['Co-Founder & CEO', 'Co-Founder & Project Lead', 'Co-Founder & Head of Digital', 'IT Department Manager']}
{'name': 'Granat Digital Agency', 'logo': '../static/assets/icons/logo.png', 'address': '7/16 Nalbandyan St, Yerevan, 0010, Armenia', 'location_link': 'https://maps.google.com/?q=7/16+Nalbandyan+St,+Yerevan', 'phone': '+374 41 221224', 'email': 'info@granat.am', 'website': 'www.granat.am', 'social_media': {'whatsapp': 'https://wa.me/+37412212124', 'instagram': 'https://instagram.com/granat_digital_agency_?igsh=MXVoMnc0cDVvMnQyaw==', 'facebook': 'https://instagram.com/granat_digital_agency_?igsh=MXVoMnc0cDVvMnQyaw==', 'linkedin': 'https://www.linkedin.com/company/granat-da'}, 'employees': ['Co-Founder & CEO', 'Co-Founder & Project Lead', 'Co-Founder & Head of Digital', 'IT Department Manager']}
{'name': 'Granat Digital Agency', 'logo': '../static/assets/icons/logo.png', 'address': '7/16 Nalbandyan St, Yerevan, 0010, Armenia', 'location_link': 'https://maps.google.com/?q=7/16+Nalbandyan+St,+Yerevan', 'phone': '+374 41 221224', 'email': 'info@granat.am', 'website': 'www.granat.am', 'social_media': {'whatsapp': 'https://wa.me/+37412212124', 'instagram': 'https://instagram.com/granat_digital_agency_?igsh=MXVoMnc0cDVvMnQyaw==', 'facebook': 'https://instagram.com/granat_digital_agency_?igsh=MXVoMnc0cDVvMnQyaw==', 'linkedin': 'https://www.linkedin.com/company/granat-da'}, 'employees': ['Co-Founder & CEO', 'Co-Founder & Project Lead', 'Co-Founder & Head of Digital', 'IT Department Manager']}
[UID:1325][205570] Child process with pid: 205587 was killed by signal: 15, core dump: 0
[UID:1325][205570] Child process with pid: 205875 was killed by signal: 15, core dump: 0
Traceback (most recent call last):
  File "/home/granatam/vcard/passenger_wsgi.py", line 8, in <module>
    wsgi = imp.load_source('wsgi', 'app.py')
  File "/opt/alt/python37/lib64/python3.7/imp.py", line 171, in load_source
    module = _load(spec)
  File "<frozen importlib._bootstrap>", line 696, in _load
  File "<frozen importlib._bootstrap>", line 677, in _load_unlocked
  File "<frozen importlib._bootstrap_external>", line 728, in exec_module
  File "<frozen importlib._bootstrap>", line 219, in _call_with_frames_removed
  File "app.py", line 4, in <module>
    sys.path.insert(0, os.path.dirname(__file__))
NameError: name 'os' is not defined
{'name': 'Granat Digital Agency', 'logo': '../static/assets/icons/logo.png', 'address': '7/16 Nalbandyan St, Yerevan, 0010, Armenia', 'location_link': 'https://maps.google.com/?q=7/16+Nalbandyan+St,+Yerevan', 'phone': '+374 41 221224', 'email': 'info@granat.am', 'website': 'www.granat.am', 'social_media': {'whatsapp': 'https://wa.me/+37412212124', 'instagram': 'https://instagram.com/granat_digital_agency_?igsh=MXVoMnc0cDVvMnQyaw==', 'facebook': 'https://instagram.com/granat_digital_agency_?igsh=MXVoMnc0cDVvMnQyaw==', 'linkedin': 'https://www.linkedin.com/company/granat-da'}, 'employees': ['Co-Founder & CEO', 'Co-Founder & Project Lead', 'Co-Founder & Head of Digital', 'IT Department Manager']}
[UID:1325][235424] Child process with pid: 235445 was killed by signal: 15, core dump: 0
OSError: LSAPI: Socket read/write error
